sample.interval=20000
"getClassDef" "is" ".findMethodInTable" ".quickCoerceSelect" "as" "validityMethod" "isTRUE" "anyStrings" "validObject" "Matrix::sparseMatrix" "eval" "eval" "withVisible" "source" 
"cb$putcode" "cmpForBody" "h" "tryInline" "cmpCall" "cmp" "genCode" "compile" "doTryCatch" "tryCatchOne" "tryCatchList" "tryCatch" "compiler:::tryCompile" "eval" "eval" "withVisible" "source" 
"subCsp_rows" "[" "[" "eval" "eval" "callGeneric" "[" "[" "eval" "eval" "withVisible" "source" 
"subCsp_rows" "[" "[" "eval" "eval" "callGeneric" "[" "[" "eval" "eval" "withVisible" "source" 
"subCsp_rows" "[" "[" "eval" "eval" "callGeneric" "[" "[" "eval" "eval" "withVisible" "source" 
"fromNextMethod" "callGeneric" "[" "[" "eval" "eval" "withVisible" "source" 
"subCsp_rows" "[" "[" "eval" "eval" "callGeneric" "[" "[" "eval" "eval" "withVisible" "source" 
"subCsp_rows" "[" "[" "eval" "eval" "callGeneric" "[" "[" "eval" "eval" "withVisible" "source" 
"subCsp_rows" "[" "[" "eval" "eval" "callGeneric" "[" "[" "eval" "eval" "withVisible" "source" 
"subCsp_rows" "[" "[" "eval" "eval" "callGeneric" "[" "[" "eval" "eval" "withVisible" "source" 
"subCsp_rows" "[" "[" "eval" "eval" "callGeneric" "[" "[" "eval" "eval" "withVisible" "source" 
"which" "eval" "eval" "withVisible" "source" 
"subCsp_rows" "[" "[" "eval" "eval" "callGeneric" "[" "[" "eval" "eval" "withVisible" "source" 
"is.null.DN" "intI" "subCsp_rows" "[" "[" "eval" "eval" "callGeneric" "[" "[" "eval" "eval" "withVisible" "source" 
"subCsp_rows" "[" "[" "eval" "eval" "callGeneric" "[" "[" "eval" "eval" "withVisible" "source" 
"subCsp_rows" "[" "[" "eval" "eval" "callGeneric" "[" "[" "eval" "eval" "withVisible" "source" 
"subCsp_rows" "[" "[" "eval" "eval" "callGeneric" "[" "[" "eval" "eval" "withVisible" "source" 
"subCsp_rows" "[" "[" "eval" "eval" "callGeneric" "[" "[" "eval" "eval" "withVisible" "source" 
"eval" "eval" "withVisible" "source" 
"eval" "callGeneric" "[" "[" "eval" "eval" "withVisible" "source" 
"subCsp_rows" "[" "[" "eval" "eval" "callGeneric" "[" "[" "eval" "eval" "withVisible" "source" 
"subCsp_rows" "[" "[" "eval" "eval" "callGeneric" "[" "[" "eval" "eval" "withVisible" "source" 
"subCsp_rows" "[" "[" "eval" "eval" "callGeneric" "[" "[" "eval" "eval" "withVisible" "source" 
"subCsp_rows" "[" "[" "eval" "eval" "callGeneric" "[" "[" "eval" "eval" "withVisible" "source" 
"which" "eval" "eval" "withVisible" "source" 
"subCsp_rows" "[" "[" "eval" "eval" "callGeneric" "[" "[" "eval" "eval" "withVisible" "source" 
"subCsp_rows" "[" "[" "eval" "eval" "callGeneric" "[" "[" "eval" "eval" "withVisible" "source" 
"subCsp_rows" "[" "[" "eval" "eval" "callGeneric" "[" "[" "eval" "eval" "withVisible" "source" 
"subCsp_rows" "[" "[" "eval" "eval" "callGeneric" "[" "[" "eval" "eval" "withVisible" "source" 
"which" "eval" "eval" "withVisible" "source" 
"subCsp_rows" "[" "[" "eval" "eval" "callGeneric" "[" "[" "eval" "eval" "withVisible" "source" 
"callGeneric" "[" "[" "eval" "eval" "withVisible" "source" 
"subCsp_rows" "[" "[" "eval" "eval" "callGeneric" "[" "[" "eval" "eval" "withVisible" "source" 
"subCsp_rows" "[" "[" "eval" "eval" "callGeneric" "[" "[" "eval" "eval" "withVisible" "source" 
"subCsp_rows" "[" "[" "eval" "eval" "callGeneric" "[" "[" "eval" "eval" "withVisible" "source" 
"[" "eval" "eval" "withVisible" "source" 
"[" "eval" "eval" "withVisible" "source" 
"subCsp_rows" "[" "[" "eval" "eval" "callGeneric" "[" "[" "eval" "eval" "withVisible" "source" 
"which" "eval" "eval" "withVisible" "source" 
"attr" "packageSlot" ".classEnv" "subCsp_rows" "[" "[" "eval" "eval" "callGeneric" "[" "[" "eval" "eval" "withVisible" "source" 
"subCsp_rows" "[" "[" "eval" "eval" "callGeneric" "[" "[" "eval" "eval" "withVisible" "source" 
"subCsp_rows" "[" "[" "eval" "eval" "callGeneric" "[" "[" "eval" "eval" "withVisible" "source" 
"intI" "subCsp_rows" "[" "[" "eval" "eval" "callGeneric" "[" "[" "eval" "eval" "withVisible" "source" 
"subCsp_rows" "[" "[" "eval" "eval" "callGeneric" "[" "[" "eval" "eval" "withVisible" "source" 
"subCsp_rows" "[" "[" "eval" "eval" "callGeneric" "[" "[" "eval" "eval" "withVisible" "source" 
"subCsp_rows" "[" "[" "eval" "eval" "callGeneric" "[" "[" "eval" "eval" "withVisible" "source" 
"subCsp_rows" "[" "[" "eval" "eval" "callGeneric" "[" "[" "eval" "eval" "withVisible" "source" 
"subCsp_rows" "[" "[" "eval" "eval" "callGeneric" "[" "[" "eval" "eval" "withVisible" "source" 
"subCsp_rows" "[" "[" "eval" "eval" "callGeneric" "[" "[" "eval" "eval" "withVisible" "source" 
"subCsp_rows" "[" "[" "eval" "eval" "callGeneric" "[" "[" "eval" "eval" "withVisible" "source" 
"subCsp_rows" "[" "[" "eval" "eval" "callGeneric" "[" "[" "eval" "eval" "withVisible" "source" 
"subCsp_rows" "[" "[" "eval" "eval" "callGeneric" "[" "[" "eval" "eval" "withVisible" "source" 
"subCsp_rows" "[" "[" "eval" "eval" "callGeneric" "[" "[" "eval" "eval" "withVisible" "source" 
"subCsp_rows" "[" "[" "eval" "eval" "callGeneric" "[" "[" "eval" "eval" "withVisible" "source" 
"subCsp_rows" "[" "[" "eval" "eval" "callGeneric" "[" "[" "eval" "eval" "withVisible" "source" 
"subCsp_rows" "[" "[" "eval" "eval" "callGeneric" "[" "[" "eval" "eval" "withVisible" "source" 
"[" "eval" "eval" "withVisible" "source" 
"subCsp_rows" "[" "[" "eval" "eval" "callGeneric" "[" "[" "eval" "eval" "withVisible" "source" 
"subCsp_rows" "[" "[" "eval" "eval" "callGeneric" "[" "[" "eval" "eval" "withVisible" "source" 
"subCsp_rows" "[" "[" "eval" "eval" "callGeneric" "[" "[" "eval" "eval" "withVisible" "source" 
"subCsp_rows" "[" "[" "eval" "eval" "callGeneric" "[" "[" "eval" "eval" "withVisible" "source" 
"subCsp_rows" "[" "[" "eval" "eval" "callGeneric" "[" "[" "eval" "eval" "withVisible" "source" 
"subCsp_rows" "[" "[" "eval" "eval" "callGeneric" "[" "[" "eval" "eval" "withVisible" "source" 
"subCsp_rows" "[" "[" "eval" "eval" "callGeneric" "[" "[" "eval" "eval" "withVisible" "source" 
"subCsp_rows" "[" "[" "eval" "eval" "callGeneric" "[" "[" "eval" "eval" "withVisible" "source" 
"callGeneric" "[" "[" "eval" "eval" "withVisible" "source" 
"parent.frame" "eval" "callGeneric" "[" "[" "eval" "eval" "withVisible" "source" 
"subCsp_rows" "[" "[" "eval" "eval" "callGeneric" "[" "[" "eval" "eval" "withVisible" "source" 
"subCsp_rows" "[" "[" "eval" "eval" "callGeneric" "[" "[" "eval" "eval" "withVisible" "source" 
".classEnv" "subCsp_rows" "[" "[" "eval" "eval" "callGeneric" "[" "[" "eval" "eval" "withVisible" "source" 
"subCsp_rows" "[" "[" "eval" "eval" "callGeneric" "[" "[" "eval" "eval" "withVisible" "source" 
"[" "[" "eval" "eval" "withVisible" "source" 
"subCsp_rows" "[" "[" "eval" "eval" "callGeneric" "[" "[" "eval" "eval" "withVisible" "source" 
"subCsp_rows" "[" "[" "eval" "eval" "callGeneric" "[" "[" "eval" "eval" "withVisible" "source" 
"subCsp_rows" "[" "[" "eval" "eval" "callGeneric" "[" "[" "eval" "eval" "withVisible" "source" 
"subCsp_rows" "[" "[" "eval" "eval" "callGeneric" "[" "[" "eval" "eval" "withVisible" "source" 
"subCsp_rows" "[" "[" "eval" "eval" "callGeneric" "[" "[" "eval" "eval" "withVisible" "source" 
"which" "eval" "eval" "withVisible" "source" 
"[" "[" "eval" "eval" "withVisible" "source" 
"subCsp_rows" "[" "[" "eval" "eval" "callGeneric" "[" "[" "eval" "eval" "withVisible" "source" 
"subCsp_rows" "[" "[" "eval" "eval" "callGeneric" "[" "[" "eval" "eval" "withVisible" "source" 
"subCsp_rows" "[" "[" "eval" "eval" "callGeneric" "[" "[" "eval" "eval" "withVisible" "source" 
"subCsp_rows" "[" "[" "eval" "eval" "callGeneric" "[" "[" "eval" "eval" "withVisible" "source" 
"subCsp_rows" "[" "[" "eval" "eval" "callGeneric" "[" "[" "eval" "eval" "withVisible" "source" 
"subCsp_rows" "[" "[" "eval" "eval" "callGeneric" "[" "[" "eval" "eval" "withVisible" "source" 
".deparseOpts" "deparse" "mode" "source" 
"eval" "eval" "withVisible" "source" 
"cb$putcode" "cmpSubsetDispatch" "h" "tryInline" "cmpCall" "cmp" "h" "tryInline" "cmpCall" "cmp" "cmpPrim2" "h" "tryInline" "cmpCall" "cmp" "cmpPrim1" "h" "tryInline" "cmpCall" "cmp" "cmpSymbolAssign" "h" "tryInline" "cmpCall" "cmp" "h" "tryInline" "cmpCall" "cmp" "cmpForBody" "h" "tryInline" "cmpCall" "cmp" "h" "tryInline" "cmpCall" "cmp" "genCode" "compiler::cmpfun" "eval" "eval" "withVisible" "source" 
"gc" "system.time" "eval" "eval" "withVisible" "source" 
"gc" "system.time" "eval" "eval" "withVisible" "source" 
"gc" "system.time" "eval" "eval" "withVisible" "source" 
"gc" "system.time" "eval" "eval" "withVisible" "source" 
"gc" "system.time" "eval" "eval" "withVisible" "source" 
"gc" "system.time" "eval" "eval" "withVisible" "source" 
"gc" "system.time" "eval" "eval" "withVisible" "source" 
"gc" "system.time" "eval" "eval" "withVisible" "source" 
"make.callContext" "cmpCall" "cmp" "h" "tryInline" "cmpCall" "cmp" "cmpForBody" "h" "tryInline" "cmpCall" "cmp" "h" "tryInline" "cmpCall" "cmp" "genCode" "cmpfun" "doTryCatch" "tryCatchOne" "tryCatchList" "tryCatch" "compiler:::tryCmpfun" "f1" "system.time" "eval" "eval" "withVisible" "source" 
"getClassDef" "is" "callNextMethod" "initialize" "initialize" "new" "-" "-" "f1" "system.time" "eval" "eval" "withVisible" "source" 
"<Anonymous>" "+" "+" "f1" "system.time" "eval" "eval" "withVisible" "source" 
"@<-" "*" "*" "f1" "system.time" "eval" "eval" "withVisible" "source" 
"validObject" ".nextMethod" "callNextMethod" "initialize" "initialize" "new" "-" "-" "f1" "system.time" "eval" "eval" "withVisible" "source" 
"is.numeric" "is.numeric" "validityMethod" "isTRUE" "anyStrings" "validObject" ".nextMethod" "callNextMethod" "initialize" "initialize" "new" "-" "-" "f1" "system.time" "eval" "eval" "withVisible" "source" 
".requirePackage" ".classEnv" "validObject" ".nextMethod" "callNextMethod" "initialize" "initialize" "new" "-" "-" "f1" "system.time" "eval" "eval" "withVisible" "source" 
"*" "*" "f1" "system.time" "eval" "eval" "withVisible" "source" 
".getMethodsTable" "as" "validityMethod" "isTRUE" "anyStrings" "validObject" ".nextMethod" "callNextMethod" "initialize" "initialize" "new" "-" "-" "f1" "system.time" "eval" "eval" "withVisible" "source" 
"getNamespace" ".requirePackage" ".classEnv" "%*%" "%*%" "%*%" "f1" "system.time" "eval" "eval" "withVisible" "source" 
"+" "f1" "system.time" "eval" "eval" "withVisible" "source" 
"-" "-" "f1" "system.time" "eval" "eval" "withVisible" "source" 
".getGeneric" "getGeneric" "as" "validityMethod" "isTRUE" "anyStrings" "validObject" ".nextMethod" "callNextMethod" "initialize" "initialize" "new" "-" "-" "f1" "system.time" "eval" "eval" "withVisible" "source" 
"*" "f1" "system.time" "eval" "eval" "withVisible" "source" 
"+" "+" "f1" "system.time" "eval" "eval" "withVisible" "source" 
"callGeneric" "+" "+" "f1" "system.time" "eval" "eval" "withVisible" "source" 
"*" "*" "f1" "system.time" "eval" "eval" "withVisible" "source" 
"%*%" "%*%" "%*%" "f1" "system.time" "eval" "eval" "withVisible" "source" 
"validObject" ".nextMethod" "callNextMethod" "initialize" "initialize" "new" "-" "-" "f1" "system.time" "eval" "eval" "withVisible" "source" 
".getClassesFromCache" "getClassDef" "is" ".findMethodInTable" ".quickCoerceSelect" "as" "validityMethod" "isTRUE" "anyStrings" "validObject" ".nextMethod" "callNextMethod" "initialize" "initialize" "new" "-" "-" "f1" "system.time" "eval" "eval" "withVisible" "source" 
"validObject" ".nextMethod" "callNextMethod" "initialize" "initialize" "new" "-" "-" "f1" "system.time" "eval" "eval" "withVisible" "source" 
"callGeneric" ".nextMethod" "callNextMethod" "initialize" "initialize" "new" "-" "-" "f1" "system.time" "eval" "eval" "withVisible" "source" 
"getNamespace" "asNamespace" "get" ":::" "initialize" "new" "-" "-" "f1" "system.time" "eval" "eval" "withVisible" "source" 
"@<-" "initialize" "initialize" "new" "-" "-" "f1" "system.time" "eval" "eval" "withVisible" "source" 
".getMethodsTable" "as" "validityMethod" "isTRUE" "anyStrings" "validObject" ".nextMethod" "callNextMethod" "initialize" "initialize" "new" "-" "-" "f1" "system.time" "eval" "eval" "withVisible" "source" 
"slot" "doTryCatch" "tryCatchOne" "tryCatchList" "tryCatch" "try" "validObject" ".nextMethod" "callNextMethod" "initialize" "initialize" "new" "-" "-" "f1" "system.time" "eval" "eval" "withVisible" "source" 
".getClassesFromCache" "getClassDef" "is" ".findMethodInTable" ".quickCoerceSelect" "as" "validityMethod" "isTRUE" "anyStrings" "validObject" ".nextMethod" "callNextMethod" "initialize" "initialize" "new" "-" "-" "f1" "system.time" "eval" "eval" "withVisible" "source" 
".getClassesFromCache" "getClassDef" "getClass" "<Anonymous>" "*" "*" "f1" "system.time" "eval" "eval" "withVisible" "source" 
"callGeneric" "*" "*" "f1" "system.time" "eval" "eval" "withVisible" "source" 
"is" "callNextMethod" "methods:::loadMethod" "methods:::loadMethod" "initialize" "new" "-" "-" "f1" "system.time" "eval" "eval" "withVisible" "source" 
"%*%" "%*%" "%*%" "f1" "system.time" "eval" "eval" "withVisible" "source" 
"dimnames" "dimNamesCheck" "-" "-" "f1" "system.time" "eval" "eval" "withVisible" "source" 
"f1" "system.time" "eval" "eval" "withVisible" "source" 
"@<-" "initialize" "initialize" "new" "-" "-" "f1" "system.time" "eval" "eval" "withVisible" "source" 
"tryCatchOne" "tryCatchList" "tryCatch" "try" "validObject" ".nextMethod" "callNextMethod" "initialize" "initialize" "new" "-" "-" "f1" "system.time" "eval" "eval" "withVisible" "source" 
"f1" "system.time" "eval" "eval" "withVisible" "source" 
".identC" "is" "callNextMethod" "methods:::loadMethod" "methods:::loadMethod" "initialize" "new" "-" "-" "f1" "system.time" "eval" "eval" "withVisible" "source" 
".getClassesFromCache" "getClassDef" "validObject" ".nextMethod" "callNextMethod" "initialize" "initialize" "new" "-" "-" "f1" "system.time" "eval" "eval" "withVisible" "source" 
".getClassesFromCache" "getClassDef" "validObject" ".nextMethod" "callNextMethod" "initialize" "initialize" "new" "-" "-" "f1" "system.time" "eval" "eval" "withVisible" "source" 
"methods:::loadMethod" "initialize" "new" "-" "-" "f1" "system.time" "eval" "eval" "withVisible" "source" 
"%*%" "%*%" "%*%" "f1" "system.time" "eval" "eval" "withVisible" "source" 
"%*%" "%*%" "%*%" "f1" "system.time" "eval" "eval" "withVisible" "source" 
"callNextMethod" "methods:::loadMethod" "methods:::loadMethod" "initialize" "new" "-" "-" "f1" "system.time" "eval" "eval" "withVisible" "source" 
".getClassesFromCache" "getClassDef" "validObject" ".nextMethod" "callNextMethod" "initialize" "initialize" "new" "-" "-" "f1" "system.time" "eval" "eval" "withVisible" "source" 
".nextMethod" "callNextMethod" "initialize" "initialize" "new" "-" "-" "f1" "system.time" "eval" "eval" "withVisible" "source" 
"f1" "system.time" "eval" "eval" "withVisible" "source" 
"f1" "system.time" "eval" "eval" "withVisible" "source" 
".getClassesFromCache" "getClassDef" "is" ".findMethodInTable" ".quickCoerceSelect" "as" "validityMethod" "isTRUE" "anyStrings" "validObject" ".nextMethod" "callNextMethod" "initialize" "initialize" "new" "-" "-" "f1" "system.time" "eval" "eval" "withVisible" "source" 
"anyDuplicated" ".nextMethod" "callNextMethod" "initialize" "initialize" "new" "-" "-" "f1" "system.time" "eval" "eval" "withVisible" "source" 
"sys.call" "callGeneric" "+" "+" "f1" "system.time" "eval" "eval" "withVisible" "source" 
"%*%" "%*%" "%*%" "f1" "system.time" "eval" "eval" "withVisible" "source" 
"tryCatchOne" "tryCatchList" "tryCatch" "try" "validObject" ".nextMethod" "callNextMethod" "initialize" "initialize" "new" "-" "-" "f1" "system.time" "eval" "eval" "withVisible" "source" 
"anyDuplicated" ".nextMethod" "callNextMethod" "initialize" "initialize" "new" "-" "-" "f1" "system.time" "eval" "eval" "withVisible" "source" 
"initialize" "initialize" "new" "-" "-" "f1" "system.time" "eval" "eval" "withVisible" "source" 
"validObject" ".nextMethod" "callNextMethod" "initialize" "initialize" "new" "-" "-" "f1" "system.time" "eval" "eval" "withVisible" "source" 
".quickCoerceSelect" "as" "validityMethod" "isTRUE" "anyStrings" "validObject" ".nextMethod" "callNextMethod" "initialize" "initialize" "new" "-" "-" "f1" "system.time" "eval" "eval" "withVisible" "source" 
"as" "validityMethod" "isTRUE" "anyStrings" "validObject" ".nextMethod" "callNextMethod" "initialize" "initialize" "new" "-" "-" "f1" "system.time" "eval" "eval" "withVisible" "source" 
"fromNextMethod" "callGeneric" ".nextMethod" "callNextMethod" "initialize" "initialize" "new" "-" "-" "f1" "system.time" "eval" "eval" "withVisible" "source" 
"@<-" "*" "*" "f1" "system.time" "eval" "eval" "withVisible" "source" 
"is" "callNextMethod" "initialize" "initialize" "new" "-" "-" "f1" "system.time" "eval" "eval" "withVisible" "source" 
"@<-" "*" "*" "f1" "system.time" "eval" "eval" "withVisible" "source" 
"validObject" ".nextMethod" "callNextMethod" "initialize" "initialize" "new" "-" "-" "f1" "system.time" "eval" "eval" "withVisible" "source" 
"character" "anyStrings" "validObject" ".nextMethod" "callNextMethod" "initialize" "initialize" "new" "-" "-" "f1" "system.time" "eval" "eval" "withVisible" "source" 
"doTryCatch" "tryCatchOne" "tryCatchList" "tryCatch" "try" "validObject" ".nextMethod" "callNextMethod" "initialize" "initialize" "new" "-" "-" "f1" "system.time" "eval" "eval" "withVisible" "source" 
"anyDuplicated.default" "anyDuplicated" ".nextMethod" "callNextMethod" "initialize" "initialize" "new" "-" "-" "f1" "system.time" "eval" "eval" "withVisible" "source" 
"dimNamesCheck" "-" "-" "f1" "system.time" "eval" "eval" "withVisible" "source" 
"%in%" ".getGeneric" "getGeneric" "as" "validityMethod" "isTRUE" "anyStrings" "validObject" ".nextMethod" "callNextMethod" "initialize" "initialize" "new" "-" "-" "f1" "system.time" "eval" "eval" "withVisible" "source" 
"getClassDef" "getClass" "<Anonymous>" "+" "+" "f1" "system.time" "eval" "eval" "withVisible" "source" 
"as.character" ":::" "initialize" "new" "-" "-" "f1" "system.time" "eval" "eval" "withVisible" "source" 
"%*%" "%*%" "%*%" "f1" "system.time" "eval" "eval" "withVisible" "source" 
"tryCatchOne" "tryCatchList" "tryCatch" "try" "validObject" ".nextMethod" "callNextMethod" "initialize" "initialize" "new" "-" "-" "f1" "system.time" "eval" "eval" "withVisible" "source" 
"match.call" "callNextMethod" "initialize" "initialize" "new" "-" "-" "f1" "system.time" "eval" "eval" "withVisible" "source" 
"initialize" "new" "-" "-" "f1" "system.time" "eval" "eval" "withVisible" "source" 
"sys.call" "callGeneric" "+" "+" "f1" "system.time" "eval" "eval" "withVisible" "source" 
".getClassesFromCache" "getClassDef" "validObject" ".nextMethod" "callNextMethod" "initialize" "initialize" "new" "-" "-" "f1" "system.time" "eval" "eval" "withVisible" "source" 
"callNextMethod" "methods:::loadMethod" "methods:::loadMethod" "initialize" "new" "-" "-" "f1" "system.time" "eval" "eval" "withVisible" "source" 
"dimnames" "dimnames" "dimNamesCheck" "-" "-" "f1" "system.time" "eval" "eval" "withVisible" "source" 
"[<-" "f1" "system.time" "eval" "eval" "withVisible" "source" 
"paste" ".sigLabel" ".findMethodInTable" ".quickCoerceSelect" "as" "isTRUE" "validityMethod" "isTRUE" "anyStrings" "validObject" ".nextMethod" "callNextMethod" "initialize" "initialize" "new" "-" "-" "f1" "system.time" "eval" "eval" "withVisible" "source" 
"isFALSE" "validObject" ".nextMethod" "callNextMethod" "initialize" "initialize" "new" "-" "-" "f1" "system.time" "eval" "eval" "withVisible" "source" 
"%*%" "%*%" "%*%" "f1" "system.time" "eval" "eval" "withVisible" "source" 
"%*%" "%*%" "%*%" "f1" "system.time" "eval" "eval" "withVisible" "source" 
"%*%" "%*%" "%*%" "f1" "system.time" "eval" "eval" "withVisible" "source" 
"tryCatchList" "tryCatch" "try" "validObject" ".nextMethod" "callNextMethod" "initialize" "initialize" "new" "-" "-" "f1" "system.time" "eval" "eval" "withVisible" "source" 
"getNamespace" ".requirePackage" ".classEnv" "validObject" ".nextMethod" "callNextMethod" "initialize" "initialize" "new" "-" "-" "f1" "system.time" "eval" "eval" "withVisible" "source" 
"callNextMethod" "methods:::loadMethod" "methods:::loadMethod" "initialize" "new" "-" "-" "f1" "system.time" "eval" "eval" "withVisible" "source" 
"sys.call" "callNextMethod" "methods:::loadMethod" "methods:::loadMethod" "initialize" "new" "-" "-" "f1" "system.time" "eval" "eval" "withVisible" "source" 
"@<-" "*" "*" "f1" "system.time" "eval" "eval" "withVisible" "source" 
"is.numeric" "is.numeric" "validityMethod" "isTRUE" "anyStrings" "validObject" ".nextMethod" "callNextMethod" "initialize" "initialize" "new" "-" "-" "f1" "system.time" "eval" "eval" "withVisible" "source" 
"eval" "eval" "callGeneric" "+" "+" "f1" "system.time" "eval" "eval" "withVisible" "source" 
"%in%" ".getGeneric" "getGeneric" "as" "isTRUE" "validityMethod" "isTRUE" "anyStrings" "validObject" ".nextMethod" "callNextMethod" "initialize" "initialize" "new" "-" "-" "f1" "system.time" "eval" "eval" "withVisible" "source" 
".getClassesFromCache" "getClassDef" "is" ".findMethodInTable" ".quickCoerceSelect" "as" "isTRUE" "validityMethod" "isTRUE" "anyStrings" "validObject" ".nextMethod" "callNextMethod" "initialize" "initialize" "new" "-" "-" "f1" "system.time" "eval" "eval" "withVisible" "source" 
".getClassesFromCache" "getClassDef" "validObject" ".nextMethod" "callNextMethod" "initialize" "initialize" "new" "-" "-" "f1" "system.time" "eval" "eval" "withVisible" "source" 
"is" "callNextMethod" "methods:::loadMethod" "methods:::loadMethod" "initialize" "new" "-" "-" "f1" "system.time" "eval" "eval" "withVisible" "source" 
"is" "callNextMethod" "methods:::loadMethod" "methods:::loadMethod" "initialize" "new" "-" "-" "f1" "system.time" "eval" "eval" "withVisible" "source" 
"@<-" "*" "*" "f1" "system.time" "eval" "eval" "withVisible" "source" 
"*" "f1" "system.time" "eval" "eval" "withVisible" "source" 
"f1" "system.time" "eval" "eval" "withVisible" "source" 
"is.numeric" "validityMethod" "isTRUE" "anyStrings" "validObject" ".nextMethod" "callNextMethod" "initialize" "initialize" "new" "-" "-" "f1" "system.time" "eval" "eval" "withVisible" "source" 
"callGeneric" ".nextMethod" "callNextMethod" "initialize" "initialize" "new" "-" "-" "f1" "system.time" "eval" "eval" "withVisible" "source" 
".identC" "<Anonymous>" "*" "*" "f1" "system.time" "eval" "eval" "withVisible" "source" 
"doTryCatch" "tryCatchOne" "tryCatchList" "tryCatch" "try" "validObject" ".nextMethod" "callNextMethod" "initialize" "initialize" "new" "-" "-" "f1" "system.time" "eval" "eval" "withVisible" "source" 
"eval" "eval" "callGeneric" "*" "*" "f1" "system.time" "eval" "eval" "withVisible" "source" 
"as" "validityMethod" "isTRUE" "anyStrings" "validObject" ".nextMethod" "callNextMethod" "initialize" "initialize" "new" "-" "-" "f1" "system.time" "eval" "eval" "withVisible" "source" 
"is" "callNextMethod" "initialize" "initialize" "new" "-" "-" "f1" "system.time" "eval" "eval" "withVisible" "source" 
":::" "initialize" "new" "-" "-" "f1" "system.time" "eval" "eval" "withVisible" "source" 
".fixupDimnames" "initialize" "initialize" "new" "-" "-" "f1" "system.time" "eval" "eval" "withVisible" "source" 
"@<-" "+" "+" "f1" "system.time" "eval" "eval" "withVisible" "source" 
"validObject" ".nextMethod" "callNextMethod" "initialize" "initialize" "new" "-" "-" "f1" "system.time" "eval" "eval" "withVisible" "source" 
".nextMethod" "callNextMethod" "initialize" "initialize" "new" "-" "-" "f1" "system.time" "eval" "eval" "withVisible" "source" 
".getClassesFromCache" "getClassDef" "is" "callNextMethod" "initialize" "initialize" "new" "-" "-" "f1" "system.time" "eval" "eval" "withVisible" "source" 
"callGeneric" "+" "+" "f1" "system.time" "eval" "eval" "withVisible" "source" 
"%*%" "%*%" "%*%" "f1" "system.time" "eval" "eval" "withVisible" "source" 
"as" "isTRUE" "validityMethod" "isTRUE" "anyStrings" "validObject" ".nextMethod" "callNextMethod" "initialize" "initialize" "new" "-" "-" "f1" "system.time" "eval" "eval" "withVisible" "source" 
"callGeneric" ".nextMethod" "callNextMethod" "initialize" "initialize" "new" "-" "-" "f1" "system.time" "eval" "eval" "withVisible" "source" 
"@<-" "initialize" "initialize" "new" "-" "-" "f1" "system.time" "eval" "eval" "withVisible" "source" 
"is" "callNextMethod" "methods:::loadMethod" "methods:::loadMethod" "initialize" "new" "-" "-" "f1" "system.time" "eval" "eval" "withVisible" "source" 
".getMethodsTable" "as" "validityMethod" "isTRUE" "anyStrings" "validObject" ".nextMethod" "callNextMethod" "initialize" "initialize" "new" "-" "-" "f1" "system.time" "eval" "eval" "withVisible" "source" 
"-" "-" "f1" "system.time" "eval" "eval" "withVisible" "source" 
"is" ".findMethodInTable" ".quickCoerceSelect" "as" "validityMethod" "isTRUE" "anyStrings" "validObject" ".nextMethod" "callNextMethod" "initialize" "initialize" "new" "-" "-" "f1" "system.time" "eval" "eval" "withVisible" "source" 
"@<-" "*" "*" "f1" "system.time" "eval" "eval" "withVisible" "source" 
"*" "*" "f1" "system.time" "eval" "eval" "withVisible" "source" 
"validObject" ".nextMethod" "callNextMethod" "initialize" "initialize" "new" "-" "-" "f1" "system.time" "eval" "eval" "withVisible" "source" 
"eval" "callGeneric" ".nextMethod" "callNextMethod" "initialize" "initialize" "new" "-" "-" "f1" "system.time" "eval" "eval" "withVisible" "source" 
"sys.call" "callGeneric" ".nextMethod" "callNextMethod" "initialize" "initialize" "new" "-" "-" "f1" "system.time" "eval" "eval" "withVisible" "source" 
".requirePackage" ".classEnv" "%*%" "%*%" "%*%" "f1" "system.time" "eval" "eval" "withVisible" "source" 
"-" "-" "f1" "system.time" "eval" "eval" "withVisible" "source" 
"%*%" "%*%" "f1" "system.time" "eval" "eval" "withVisible" "source" 
".requirePackage" ".classEnv" "as" "isTRUE" "validityMethod" "isTRUE" "anyStrings" "validObject" ".nextMethod" "callNextMethod" "initialize" "initialize" "new" "-" "-" "f1" "system.time" "eval" "eval" "withVisible" "source" 
"validityMethod" "isTRUE" "anyStrings" "validObject" ".nextMethod" "callNextMethod" "initialize" "initialize" "new" "-" "-" "f1" "system.time" "eval" "eval" "withVisible" "source" 
"@<-" "+" "+" "f1" "system.time" "eval" "eval" "withVisible" "source" 
"f1" "system.time" "eval" "eval" "withVisible" "source" 
".findMethodInTable" ".quickCoerceSelect" "as" "isTRUE" "validityMethod" "isTRUE" "anyStrings" "validObject" ".nextMethod" "callNextMethod" "initialize" "initialize" "new" "-" "-" "f1" "system.time" "eval" "eval" "withVisible" "source" 
"is" "callNextMethod" "initialize" "initialize" "new" "-" "-" "f1" "system.time" "eval" "eval" "withVisible" "source" 
".identC" "is" ".findMethodInTable" ".quickCoerceSelect" "as" "validityMethod" "isTRUE" "anyStrings" "validObject" ".nextMethod" "callNextMethod" "initialize" "initialize" "new" "-" "-" "f1" "system.time" "eval" "eval" "withVisible" "source" 
".requirePackage" ".classEnv" "as" "validityMethod" "isTRUE" "anyStrings" "validObject" ".nextMethod" "callNextMethod" "initialize" "initialize" "new" "-" "-" "f1" "system.time" "eval" "eval" "withVisible" "source" 
".nextMethod" "callNextMethod" "initialize" "initialize" "new" "-" "-" "f1" "system.time" "eval" "eval" "withVisible" "source" 
"+" "f1" "system.time" "eval" "eval" "withVisible" "source" 
"eval" "eval" "callGeneric" "+" "+" "f1" "system.time" "eval" "eval" "withVisible" "source" 
"tryCatch" "try" "validObject" ".nextMethod" "callNextMethod" "initialize" "initialize" "new" "-" "-" "f1" "system.time" "eval" "eval" "withVisible" "source" 
"tryCatchOne" "tryCatchList" "tryCatch" "try" "validObject" ".nextMethod" "callNextMethod" "initialize" "initialize" "new" "-" "-" "f1" "system.time" "eval" "eval" "withVisible" "source" 
"tryCatch" "try" "validObject" ".nextMethod" "callNextMethod" "initialize" "initialize" "new" "-" "-" "f1" "system.time" "eval" "eval" "withVisible" "source" 
"callNextMethod" "methods:::loadMethod" "methods:::loadMethod" "initialize" "new" "-" "-" "f1" "system.time" "eval" "eval" "withVisible" "source" 
"%*%" "%*%" "%*%" "f1" "system.time" "eval" "eval" "withVisible" "source" 
"validObject" ".nextMethod" "callNextMethod" "initialize" "initialize" "new" "-" "-" "f1" "system.time" "eval" "eval" "withVisible" "source" 
"is" "callNextMethod" "methods:::loadMethod" "methods:::loadMethod" "initialize" "new" "-" "-" "f1" "system.time" "eval" "eval" "withVisible" "source" 
".classEnv" "%*%" "%*%" "%*%" "f1" "system.time" "eval" "eval" "withVisible" "source" 
"callGeneric" "*" "*" "f1" "system.time" "eval" "eval" "withVisible" "source" 
"getNamespace" ".requirePackage" ".classEnv" "validObject" ".nextMethod" "callNextMethod" "initialize" "initialize" "new" "-" "-" "f1" "system.time" "eval" "eval" "withVisible" "source" 
"rev" "validObject" ".nextMethod" "callNextMethod" "initialize" "initialize" "new" "-" "-" "f1" "system.time" "eval" "eval" "withVisible" "source" 
"gc" "system.time" "eval" "eval" "withVisible" "source" 
"gc" "system.time" "eval" "eval" "withVisible" "source" 
"gc" "system.time" "eval" "eval" "withVisible" "source" 
"gc" "system.time" "eval" "eval" "withVisible" "source" 
"gc" "system.time" "eval" "eval" "withVisible" "source" 
"gc" "system.time" "eval" "eval" "withVisible" "source" 
"gc" "system.time" "eval" "eval" "withVisible" "source" 
"findCenvVar" "getInlineInfo" "isBaseVar" "getFoldFun" "constantFoldCall" "constantFold" "cmp" "cmpPrim2" "h" "tryInline" "cmpCall" "cmp" "cmpSymbolAssign" "h" "tryInline" "cmpCall" "cmp" "h" "tryInline" "cmpCall" "cmp" "cmpForBody" "h" "tryInline" "cmpCall" "cmp" "h" "tryInline" "cmpCall" "cmp" "genCode" "cmpfun" "doTryCatch" "tryCatchOne" "tryCatchList" "tryCatch" "compiler:::tryCmpfun" "f2" "system.time" "eval" "eval" "withVisible" "source" 
"f2" "system.time" "eval" "eval" "withVisible" "source" 
"f2" "system.time" "eval" "eval" "withVisible" "source" 
"gc" "system.time" "eval" "eval" "withVisible" "source" 
"gc" "system.time" "eval" "eval" "withVisible" "source" 
"gc" "system.time" "eval" "eval" "withVisible" "source" 
"gc" "system.time" "eval" "eval" "withVisible" "source" 
"gc" "system.time" "eval" "eval" "withVisible" "source" 
"gc" "system.time" "eval" "eval" "withVisible" "source" 
"gc" "system.time" "eval" "eval" "withVisible" "source" 
"f2_cpm" "system.time" "eval" "eval" "withVisible" "source" 
"f2_cpm" "system.time" "eval" "eval" "withVisible" "source" 
