* installing *source* package ‘dynatop’ ...
** using staged installation
** libs
g++ -std=gnu++14 -I"/usr/lib64/R/include" -DNDEBUG  -I'/home/paul/R/x86_64-suse-linux-gnu-library/4.2/Rcpp/include' -I/usr/local/include   -fpic  -O2 -Wall -U_FORTIFY_SOURCE -D_FORTIFY_SOURCE=3 -fstack-protector-strong -funwind-tables -fasynchronous-unwind-tables -fstack-clash-protection -Werror=return-type -flto=auto  -c RcppExports.cpp -o RcppExports.o
g++ -std=gnu++14 -I"/usr/lib64/R/include" -DNDEBUG  -I'/home/paul/R/x86_64-suse-linux-gnu-library/4.2/Rcpp/include' -I/usr/local/include   -fpic  -O2 -Wall -U_FORTIFY_SOURCE -D_FORTIFY_SOURCE=3 -fstack-protector-strong -funwind-tables -fasynchronous-unwind-tables -fstack-clash-protection -Werror=return-type -flto=auto  -c dt.cpp -o dt.o
g++ -std=gnu++14 -I"/usr/lib64/R/include" -DNDEBUG  -I'/home/paul/R/x86_64-suse-linux-gnu-library/4.2/Rcpp/include' -I/usr/local/include   -fpic  -O2 -Wall -U_FORTIFY_SOURCE -D_FORTIFY_SOURCE=3 -fstack-protector-strong -funwind-tables -fasynchronous-unwind-tables -fstack-clash-protection -Werror=return-type -flto=auto  -c helpers.cpp -o helpers.o
g++ -std=gnu++14 -I"/usr/lib64/R/include" -DNDEBUG  -I'/home/paul/R/x86_64-suse-linux-gnu-library/4.2/Rcpp/include' -I/usr/local/include   -fpic  -O2 -Wall -U_FORTIFY_SOURCE -D_FORTIFY_SOURCE=3 -fstack-protector-strong -funwind-tables -fasynchronous-unwind-tables -fstack-clash-protection -Werror=return-type -flto=auto  -c hru.cpp -o hru.o
g++ -std=gnu++14 -I"/usr/lib64/R/include" -DNDEBUG  -I'/home/paul/R/x86_64-suse-linux-gnu-library/4.2/Rcpp/include' -I/usr/local/include   -fpic  -O2 -Wall -U_FORTIFY_SOURCE -D_FORTIFY_SOURCE=3 -fstack-protector-strong -funwind-tables -fasynchronous-unwind-tables -fstack-clash-protection -Werror=return-type -flto=auto  -c sf.cpp -o sf.o
g++ -std=gnu++14 -I"/usr/lib64/R/include" -DNDEBUG  -I'/home/paul/R/x86_64-suse-linux-gnu-library/4.2/Rcpp/include' -I/usr/local/include   -fpic  -O2 -Wall -U_FORTIFY_SOURCE -D_FORTIFY_SOURCE=3 -fstack-protector-strong -funwind-tables -fasynchronous-unwind-tables -fstack-clash-protection -Werror=return-type -flto=auto  -c sz.cpp -o sz.o
g++ -std=gnu++14 -shared -L/usr/lib64/R/lib -flto=auto -o dynatop.so RcppExports.o dt.o helpers.o hru.o sf.o sz.o -L/usr/lib64/R/lib -lR
installing to /home/paul/Documents/Software/dynatop/dynatop.Rcheck/00LOCK-dynatop/00new/dynatop/libs
** R
** data
*** moving datasets to lazyload DB
** inst
** byte-compile and prepare package for lazy loading
** help
*** installing help indices
** building package indices
** installing vignettes
** testing if installed package can be loaded from temporary location
** checking absolute paths in shared objects and dynamic libraries
** testing if installed package can be loaded from final location
** testing if installed package keeps a record of temporary installation path
* DONE (dynatop)
